0 info it worked if it ends with ok
1 verbose cli [ 'node', '/usr/local/bin/npm', 'install', 'snapjs' ]
2 info using npm@1.4.28
3 info using node@v0.10.33
4 warn package.json PulseSth@1.0.0 No repository field.
5 verbose readDependencies using package.json deps
6 verbose cache add [ 'snapjs', null ]
7 verbose cache add name=undefined spec="snapjs" args=["snapjs",null]
8 verbose parsed url { protocol: null,
8 verbose parsed url   slashes: null,
8 verbose parsed url   auth: null,
8 verbose parsed url   host: null,
8 verbose parsed url   port: null,
8 verbose parsed url   hostname: null,
8 verbose parsed url   hash: null,
8 verbose parsed url   search: null,
8 verbose parsed url   query: null,
8 verbose parsed url   pathname: 'snapjs',
8 verbose parsed url   path: 'snapjs',
8 verbose parsed url   href: 'snapjs' }
9 silly lockFile 9533224c-snapjs snapjs
10 verbose lock snapjs /Users/lmccart/.npm/9533224c-snapjs.lock
11 silly lockFile 9533224c-snapjs snapjs
12 silly lockFile 9533224c-snapjs snapjs
13 verbose addNamed [ 'snapjs', '' ]
14 verbose addNamed [ null, '*' ]
15 silly lockFile 77c30972-snapjs snapjs@
16 verbose lock snapjs@ /Users/lmccart/.npm/77c30972-snapjs.lock
17 silly addNameRange { name: 'snapjs', range: '*', hasData: false }
18 verbose request where is /snapjs
19 verbose request registry https://registry.npmjs.org/
20 verbose request id 0cbf74d656f18923
21 verbose url raw /snapjs
22 verbose url resolving [ 'https://registry.npmjs.org/', './snapjs' ]
23 verbose url resolved https://registry.npmjs.org/snapjs
24 verbose request where is https://registry.npmjs.org/snapjs
25 info trying registry request attempt 1 at 17:06:22
26 http GET https://registry.npmjs.org/snapjs
27 http 404 https://registry.npmjs.org/snapjs
28 verbose headers { date: 'Mon, 09 Feb 2015 22:06:22 GMT',
28 verbose headers   server: 'CouchDB/1.5.0 (Erlang OTP/R16B03)',
28 verbose headers   'content-type': 'application/json',
28 verbose headers   'cache-control': 'max-age=0',
28 verbose headers   'content-length': '52',
28 verbose headers   'accept-ranges': 'bytes',
28 verbose headers   via: '1.1 varnish',
28 verbose headers   age: '0',
28 verbose headers   'x-served-by': 'cache-iad2134-IAD',
28 verbose headers   'x-cache': 'MISS',
28 verbose headers   'x-cache-hits': '0',
28 verbose headers   'x-timer': 'S1423519582.694497,VS0,VE60',
28 verbose headers   'keep-alive': 'timeout=10, max=50',
28 verbose headers   connection: 'Keep-Alive' }
29 silly registry.get cb [ 404,
29 silly registry.get   { date: 'Mon, 09 Feb 2015 22:06:22 GMT',
29 silly registry.get     server: 'CouchDB/1.5.0 (Erlang OTP/R16B03)',
29 silly registry.get     'content-type': 'application/json',
29 silly registry.get     'cache-control': 'max-age=0',
29 silly registry.get     'content-length': '52',
29 silly registry.get     'accept-ranges': 'bytes',
29 silly registry.get     via: '1.1 varnish',
29 silly registry.get     age: '0',
29 silly registry.get     'x-served-by': 'cache-iad2134-IAD',
29 silly registry.get     'x-cache': 'MISS',
29 silly registry.get     'x-cache-hits': '0',
29 silly registry.get     'x-timer': 'S1423519582.694497,VS0,VE60',
29 silly registry.get     'keep-alive': 'timeout=10, max=50',
29 silly registry.get     connection: 'Keep-Alive' } ]
30 silly lockFile 77c30972-snapjs snapjs@
31 silly lockFile 77c30972-snapjs snapjs@
32 error 404 404 Not Found: snapjs
32 error 404
32 error 404 'snapjs' is not in the npm registry.
32 error 404 You should bug the author to publish it
32 error 404 It was specified as a dependency of 'PulseSth'
32 error 404
32 error 404 Note that you can also install from a
32 error 404 tarball, folder, or http url, or git url.
33 error System Darwin 14.0.0
34 error command "node" "/usr/local/bin/npm" "install" "snapjs"
35 error cwd /Users/lmccart/Documents/stillness/FS_server
36 error node -v v0.10.33
37 error npm -v 1.4.28
38 error code E404
39 verbose exit [ 1, true ]
